[2024-07-07 13:39:21,828: INFO: _internal: [31m[1mWARNING: This is a development server. Do not use it in a production deployment. Use a production WSGI server instead.[0m
 * Running on all addresses (0.0.0.0)
 * Running on http://127.0.0.1:8080
 * Running on http://192.168.29.151:8080]
[2024-07-07 13:39:21,828: INFO: _internal: [33mPress CTRL+C to quit[0m]
[2024-07-07 13:42:06,317: INFO: main: >>>>>> stage Data Ingestion stage started <<<<<<]
[2024-07-07 13:42:06,317: INFO: common: yaml file: config\config.yaml loaded successfully]
[2024-07-07 13:42:06,317: INFO: common: yaml file: params.yaml loaded successfully]
[2024-07-07 13:42:06,317: INFO: common: yaml file: schema.yaml loaded successfully]
[2024-07-07 13:42:06,317: INFO: common: created directory at: artifacts]
[2024-07-07 13:42:06,324: INFO: common: created directory at: artifacts/data_ingestion]
[2024-07-07 13:42:07,131: INFO: data_ingestion: artifacts/data_ingestion/data.zip download! with following info: 
Connection: close
Content-Length: 23329
Cache-Control: max-age=300
Content-Security-Policy: default-src 'none'; style-src 'unsafe-inline'; sandbox
Content-Type: application/zip
ETag: "c69888a4ae59bc5a893392785a938ccd4937981c06ba8a9d6a21aa52b4ab5b6e"
Strict-Transport-Security: max-age=31536000
X-Content-Type-Options: nosniff
X-Frame-Options: deny
X-XSS-Protection: 1; mode=block
X-GitHub-Request-Id: 85EC:1B4A4B:2334E:29BAF:668A4E78
Accept-Ranges: bytes
Date: Sun, 07 Jul 2024 08:14:50 GMT
Via: 1.1 varnish
X-Served-By: cache-bom4740-BOM
X-Cache: MISS
X-Cache-Hits: 0
X-Timer: S1720340091.623704,VS0,VE331
Vary: Authorization,Accept-Encoding,Origin
Access-Control-Allow-Origin: *
Cross-Origin-Resource-Policy: cross-origin
X-Fastly-Request-ID: 4eac1a64d2669947ee2dc1c5343517bc9fe423a5
Expires: Sun, 07 Jul 2024 08:19:50 GMT
Source-Age: 0

]
[2024-07-07 13:42:07,131: INFO: main: >>>>>> stage Data Ingestion stage completed <<<<<<

x==========x]
[2024-07-07 13:42:07,131: INFO: main: >>>>>> stage Data Validation stage started <<<<<<]
[2024-07-07 13:42:07,146: INFO: common: yaml file: config\config.yaml loaded successfully]
[2024-07-07 13:42:07,146: INFO: common: yaml file: params.yaml loaded successfully]
[2024-07-07 13:42:07,149: INFO: common: yaml file: schema.yaml loaded successfully]
[2024-07-07 13:42:07,149: INFO: common: created directory at: artifacts]
[2024-07-07 13:42:07,149: INFO: common: created directory at: artifacts/data_validation]
[2024-07-07 13:42:07,162: INFO: main: >>>>>> stage Data Validation stage completed <<<<<<

x==========x]
[2024-07-07 13:42:07,162: INFO: main: >>>>>> stage Data Transformation stage started <<<<<<]
[2024-07-07 13:42:07,164: INFO: common: yaml file: config\config.yaml loaded successfully]
[2024-07-07 13:42:07,165: INFO: common: yaml file: params.yaml loaded successfully]
[2024-07-07 13:42:07,166: INFO: common: yaml file: schema.yaml loaded successfully]
[2024-07-07 13:42:07,167: INFO: common: created directory at: artifacts]
[2024-07-07 13:42:07,167: INFO: common: created directory at: artifacts/data_transformation]
[2024-07-07 13:42:07,184: INFO: data_transformation: Splited data into training and test sets]
[2024-07-07 13:42:07,184: INFO: data_transformation: (1199, 12)]
[2024-07-07 13:42:07,184: INFO: data_transformation: (400, 12)]
[2024-07-07 13:42:07,184: INFO: main: >>>>>> stage Data Transformation stage completed <<<<<<

x==========x]
[2024-07-07 13:42:07,184: INFO: main: >>>>>> stage Model Trainer stage started <<<<<<]
[2024-07-07 13:42:07,190: INFO: common: yaml file: config\config.yaml loaded successfully]
[2024-07-07 13:42:07,190: INFO: common: yaml file: params.yaml loaded successfully]
[2024-07-07 13:42:07,190: INFO: common: yaml file: schema.yaml loaded successfully]
[2024-07-07 13:42:07,190: INFO: common: created directory at: artifacts]
[2024-07-07 13:42:07,194: INFO: common: created directory at: artifacts/model_trainer]
[2024-07-07 13:42:07,208: INFO: main: >>>>>> stage Model Trainer stage completed <<<<<<

x==========x]
[2024-07-07 13:42:07,208: INFO: main: >>>>>> stage Model evaluation stage started <<<<<<]
[2024-07-07 13:42:07,210: INFO: common: yaml file: config\config.yaml loaded successfully]
[2024-07-07 13:42:07,211: INFO: common: yaml file: params.yaml loaded successfully]
[2024-07-07 13:42:07,212: INFO: common: yaml file: schema.yaml loaded successfully]
[2024-07-07 13:42:07,213: INFO: common: created directory at: artifacts]
[2024-07-07 13:42:07,213: INFO: common: created directory at: artifacts/model_evaluation]
[2024-07-07 13:42:07,221: INFO: common: json file saved at: artifacts\model_evaluation\metrics.json]
[2024-07-07 13:42:07,221: INFO: main: >>>>>> stage Model evaluation stage completed <<<<<<

x==========x]
